<?xml version="1.0" encoding="UTF-8"?>
<testng-results skipped="0" failed="0" ignored="0" total="1" passed="1">
  <reporter-output>
  </reporter-output>
  <suite name="Surefire suite" duration-ms="78" started-at="2020-05-03T23:19:48 UYT" finished-at="2020-05-03T23:19:48 UYT">
    <groups>
    </groups>
    <test name="Surefire test" duration-ms="78" started-at="2020-05-03T23:19:48 UYT" finished-at="2020-05-03T23:19:48 UYT">
      <class name="Metodo.Metodo.AppTest">
        <test-method status="PASS" signature="testApp()" name="testApp" duration-ms="16" started-at="2020-05-03T23:19:48 UYT" finished-at="2020-05-03T23:19:48 UYT">
          <reporter-output>
          </reporter-output>
        </test-method> <!-- testApp -->
      </class> <!-- Metodo.Metodo.AppTest -->
    </test> <!-- Surefire test -->
  </suite> <!-- Surefire suite -->
</testng-results>
