<?xml version="1.0" encoding="UTF-8"?>
<!-- Generated by org.testng.reporters.JUnitXMLReporter -->
<testsuite hostname="DESKTOP-LFB7O5E" ignored="0" name="Surefire test" tests="5" failures="0" timestamp="2020-05-03T23:19:47 UYT" time="0.047" errors="0">
  <testcase name="IOSApps" time="0.015" classname="Metodo.Metodo.AppiumTest"/>
  <testcase name="NativeAppAndroid" time="0.0" classname="Metodo.Metodo.AppiumTest"/>
  <testcase name="deleteTwitter" time="0.0" classname="Metodo.Metodo.RESTAPITest"/>
  <testcase name="postJira" time="0.0" classname="Metodo.Metodo.RESTAPITest"/>
  <testcase name="elementsUI" time="0.0" classname="Metodo.Metodo.SeleniumTest"/>
</testsuite> <!-- Surefire test -->
