<?xml version="1.0" encoding="UTF-8"?>
<!-- Generated by org.testng.reporters.JUnitXMLReporter -->
<testsuite hostname="DESKTOP-LFB7O5E" ignored="0" name="Test" tests="4" failures="0" timestamp="2020-05-04T00:00:28 UYT" time="0.062" errors="0">
  <testcase name="BrowserAutomation" time="0.0" classname="Metodo.Metodo.SeleniumTest"/>
  <testcase name="elementsUI" time="0.0" classname="Metodo.Metodo.SeleniumTest"/>
  <testcase name="IOSApps" time="0.0" classname="Metodo.Metodo.AppiumTest"/>
  <testcase name="NativeAppAndroid" time="0.0" classname="Metodo.Metodo.AppiumTest"/>
</testsuite> <!-- Test -->
